<?xml version="1.0" encoding="UTF-8"?>
<testng-results ignored="0" total="1" passed="1" failed="0" skipped="0">
  <reporter-output>
  </reporter-output>
  <suite started-at="2021-05-28T20:10:01Z" name="All Test Suite" finished-at="2021-05-28T20:10:22Z" duration-ms="20756">
    <groups>
    </groups>
    <test started-at="2021-05-28T20:10:01Z" name="C:/Users/sakbhard/IdeaProjects/sdetnetapp" finished-at="2021-05-28T20:10:22Z" duration-ms="20756">
      <class name="Testcases.TC_LoginTest_001">
        <test-method is-config="true" signature="setup(java.lang.String)[pri:0, instance:Testcases.TC_LoginTest_001@40005471]" started-at="2021-05-28T20:10:01Z" name="setup" finished-at="2021-05-28T20:10:05Z" duration-ms="4167" status="PASS">
          <params>
            <param index="0">
              <value>
                <![CDATA[mozilla]]>
              </value>
            </param>
          </params>
          <reporter-output>
          </reporter-output>
        </test-method> <!-- setup -->
        <test-method signature="loginTest()[pri:0, instance:Testcases.TC_LoginTest_001@40005471]" started-at="2021-05-28T20:10:05Z" name="loginTest" finished-at="2021-05-28T20:10:21Z" duration-ms="15504" status="PASS">
          <reporter-output>
          </reporter-output>
        </test-method> <!-- loginTest -->
        <test-method is-config="true" signature="teardown()[pri:0, instance:Testcases.TC_LoginTest_001@40005471]" started-at="2021-05-28T20:10:21Z" name="teardown" finished-at="2021-05-28T20:10:22Z" duration-ms="961" status="PASS">
          <reporter-output>
          </reporter-output>
        </test-method> <!-- teardown -->
      </class> <!-- Testcases.TC_LoginTest_001 -->
    </test> <!-- C:/Users/sakbhard/IdeaProjects/sdetnetapp -->
  </suite> <!-- All Test Suite -->
</testng-results>
